0 info it worked if it ends with ok
1 verbose cli [ 'C:\\Program Files\\nodejs\\node.exe',
1 verbose cli   'C:\\Program Files\\nodejs\\node_modules\\npm\\bin\\npm-cli.js',
1 verbose cli   'run',
1 verbose cli   'dev' ]
2 info using npm@3.10.8
3 info using node@v6.9.1
4 verbose run-script [ 'predev', 'dev', 'postdev' ]
5 info lifecycle node-api@~predev: node-api@
6 silly lifecycle node-api@~predev: no script for predev, continuing
7 info lifecycle node-api@~dev: node-api@
8 verbose lifecycle node-api@~dev: unsafe-perm in lifecycle true
9 verbose lifecycle node-api@~dev: PATH: C:\Program Files\nodejs\node_modules\npm\bin\node-gyp-bin;F:\Turash\Node\expressjs\socialDB\node_modules\.bin;C:\WINDOWS\system32;C:\WINDOWS;C:\WINDOWS\System32\Wbem;C:\WINDOWS\System32\WindowsPowerShell\v1.0\;C:\Program Files (x86)\Skype\Phone\;C:\xampp\php;C:\ProgramData\ComposerSetup\bin;C:\Program Files (x86)\Microsoft SQL Server\90\Tools\binn\;C:\Program Files\nodejs\;C:\Users\Kawsar\AppData\Local\GitHub\PortableGit_d76a6a98c9315931ec4927243517bc09e9b731a0\mingw32\bin;C:\Program Files (x86)\Brackets\command;C:\Users\Kawsar\AppData\Roaming\npm;C:\Program Files\MongoDB\Server\3.4\bin
10 verbose lifecycle node-api@~dev: CWD: F:\Turash\Node\expressjs\socialDB
11 silly lifecycle node-api@~dev: Args: [ '/d /s /c', 'nodemon server.js' ]
12 silly lifecycle node-api@~dev: Returned: code: 3221225786  signal: null
13 info lifecycle node-api@~dev: Failed to exec dev script
14 verbose stack Error: node-api@ dev: `nodemon server.js`
14 verbose stack Exit status 3221225786
14 verbose stack     at EventEmitter.<anonymous> (C:\Program Files\nodejs\node_modules\npm\lib\utils\lifecycle.js:255:16)
14 verbose stack     at emitTwo (events.js:106:13)
14 verbose stack     at EventEmitter.emit (events.js:191:7)
14 verbose stack     at ChildProcess.<anonymous> (C:\Program Files\nodejs\node_modules\npm\lib\utils\spawn.js:40:14)
14 verbose stack     at emitTwo (events.js:106:13)
14 verbose stack     at ChildProcess.emit (events.js:191:7)
14 verbose stack     at maybeClose (internal/child_process.js:877:16)
14 verbose stack     at Process.ChildProcess._handle.onexit (internal/child_process.js:226:5)
15 verbose pkgid node-api@
16 verbose cwd F:\Turash\Node\expressjs\socialDB
17 error Windows_NT 10.0.10586
18 error argv "C:\\Program Files\\nodejs\\node.exe" "C:\\Program Files\\nodejs\\node_modules\\npm\\bin\\npm-cli.js" "run" "dev"
19 error node v6.9.1
20 error npm  v3.10.8
21 error code ELIFECYCLE
22 error node-api@ dev: `nodemon server.js`
22 error Exit status 3221225786
23 error Failed at the node-api@ dev script 'nodemon server.js'.
23 error Make sure you have the latest version of node.js and npm installed.
23 error If you do, this is most likely a problem with the node-api package,
23 error not with npm itself.
23 error Tell the author that this fails on your system:
23 error     nodemon server.js
23 error You can get information on how to open an issue for this project with:
23 error     npm bugs node-api
23 error Or if that isn't available, you can get their info via:
23 error     npm owner ls node-api
23 error There is likely additional logging output above.
24 verbose exit [ 1, true ]
